<?xml version="1.0" encoding="UTF-8"?>
<!-- Generated by org.testng.reporters.JUnitReportReporter -->
<testsuite hostname="Hp" name="myacademy.Home" tests="1" failures="0" timestamp="30 Apr 2020 14:02:11 GMT" time="78.665" errors="0">
  <testcase name="baseNavigationLogin" time="78.665" classname="myacademy.Home"/>
</testsuite> <!-- myacademy.Home -->
