<?xml version="1.0" encoding="UTF-8"?>
<!-- Generated by org.testng.reporters.JUnitReportReporter -->
<testsuite hostname="Hp" name="myacademy.LoginTest" tests="1" failures="0" timestamp="1 May 2020 03:54:36 GMT" time="53.232" errors="0">
  <testcase name="loginByMultipleDataset" time="53.232" classname="myacademy.LoginTest"/>
</testsuite> <!-- myacademy.LoginTest -->
