<?xml version="1.0" encoding="UTF-8"?>
<!-- Generated by org.testng.reporters.JUnitReportReporter -->
<testsuite hostname="Hp" name="myacademy.HomeTest" tests="1" failures="0" timestamp="1 May 2020 03:54:36 GMT" time="127.410" errors="0">
  <testcase name="baseNavigationLogin" time="127.410" classname="myacademy.HomeTest"/>
</testsuite> <!-- myacademy.HomeTest -->
