<?xml version="1.0" encoding="UTF-8"?>
<!-- Generated by org.testng.reporters.JUnitReportReporter -->
<testsuite hostname="Hp" name="myacademy.ValidateTitleTest" tests="1" failures="0" timestamp="1 May 2020 03:54:36 GMT" time="8.347" errors="0">
  <testcase name="titleCourseValidation" time="8.347" classname="myacademy.ValidateTitleTest"/>
</testsuite> <!-- myacademy.ValidateTitleTest -->
