<?xml version="1.0" encoding="UTF-8"?>
<!-- Generated by org.testng.reporters.JUnitReportReporter -->
<testsuite hostname="Hp" name="myacademy.LoginTest" tests="1" failures="0" timestamp="1 May 2020 15:13:27 GMT" time="4.977" errors="0">
  <testcase name="loginByMultipleDataset" time="4.977" classname="myacademy.LoginTest"/>
</testsuite> <!-- myacademy.LoginTest -->
