<?xml version="1.0" encoding="UTF-8"?>
<!-- Generated by org.testng.reporters.JUnitReportReporter -->
<testsuite hostname="Hp" name="myacademy.HomeTest" tests="1" failures="0" timestamp="1 May 2020 15:13:27 GMT" time="3.764" errors="0">
  <testcase name="baseNavigationLogin" time="3.764" classname="myacademy.HomeTest"/>
</testsuite> <!-- myacademy.HomeTest -->
